<?xml version="1.0" encoding="UTF-8"?>
<!-- Generated by org.testng.reporters.JUnitReportReporter -->
<testsuite hostname="LAPTOP-HIBR7078" name="Tests.validateSelectable" tests="2" failures="0" timestamp="28 Jul 2020 19:34:38 GMT" time="1.735" errors="0">
  <testcase name="serialize" time="0.310" classname="Tests.validateSelectable"/>
  <testcase name="functionality" time="1.425" classname="Tests.validateSelectable"/>
</testsuite> <!-- Tests.validateSelectable -->
