<?xml version="1.0" encoding="UTF-8"?>
<!-- Generated by org.testng.reporters.JUnitReportReporter -->
<testsuite hostname="LAPTOP-HIBR7078" name="Tests.validateFrames" tests="2" failures="0" timestamp="28 Jul 2020 19:34:38 GMT" time="0.818" errors="0">
  <testcase name="multipleFrame" time="0.338" classname="Tests.validateFrames"/>
  <testcase name="singleFrame" time="0.480" classname="Tests.validateFrames"/>
</testsuite> <!-- Tests.validateFrames -->
