<?xml version="1.0" encoding="UTF-8"?>
<!-- Generated by org.testng.reporters.JUnitReportReporter -->
<testsuite hostname="LAPTOP-HIBR7078" name="Tests.validateWindows" tests="3" failures="0" timestamp="27 Jul 2020 07:35:35 GMT" time="12.172" errors="0">
  <testcase name="seperateWindow" time="3.488" classname="Tests.validateWindows"/>
  <testcase name="multipleWindow" time="5.815" classname="Tests.validateWindows"/>
  <testcase name="tabWindow" time="2.869" classname="Tests.validateWindows"/>
</testsuite> <!-- Tests.validateWindows -->
