<?xml version="1.0" encoding="UTF-8"?>
<!-- Generated by org.testng.reporters.JUnitReportReporter -->
<testsuite hostname="LAPTOP-HIBR7078" name="Tests.validateRegister" tests="3" failures="0" timestamp="27 Jul 2020 07:35:35 GMT" time="5.506" errors="0">
  <testcase name="registerSecondaryDetails" time="1.550" classname="Tests.validateRegister"/>
  <testcase name="registerInitialDetails" time="1.347" classname="Tests.validateRegister"/>
  <testcase name="userDetails" time="2.609" classname="Tests.validateRegister"/>
</testsuite> <!-- Tests.validateRegister -->
