<?xml version="1.0" encoding="UTF-8"?>
<!-- Generated by org.testng.reporters.JUnitReportReporter -->
<testsuite hostname="LAPTOP-HIBR7078" name="Report.ReportPage" tests="1" failures="0" timestamp="18 Jul 2020 07:35:52 GMT" time="9.171" errors="0">
  <testcase name="basePageNavigation" time="9.171" classname="Report.ReportPage"/>
</testsuite> <!-- Report.ReportPage -->
