<?xml version="1.0" encoding="UTF-8"?>
<!-- Generated by org.testng.reporters.JUnitReportReporter -->
<testsuite hostname="LAPTOP-HIBR7078" name="Tests.validateAlert" tests="3" failures="0" timestamp="28 Jul 2020 19:34:38 GMT" time="1.543" errors="0">
  <testcase name="AlertOkandCancel" time="0.361" classname="Tests.validateAlert"/>
  <testcase name="AlertOKTab" time="0.899" classname="Tests.validateAlert"/>
  <testcase name="AlertTextbox" time="0.283" classname="Tests.validateAlert"/>
</testsuite> <!-- Tests.validateAlert -->
