<?xml version="1.0" encoding="UTF-8"?>
<!-- Generated by org.testng.reporters.JUnitReportReporter -->
<testsuite hostname="LAPTOP-HIBR7078" name="Tests.validateGilleteLogin" tests="2" failures="0" timestamp="28 Jul 2020 19:34:38 GMT" time="5.910" errors="0">
  <testcase name="Logintest" time="2.995" classname="Tests.validateGilleteLogin"/>
  <testcase name="Logintest" time="2.915" classname="Tests.validateGilleteLogin"/>
</testsuite> <!-- Tests.validateGilleteLogin -->
