<?xml version="1.0" encoding="UTF-8"?>
<!-- Generated by org.testng.reporters.JUnitReportReporter -->
<testsuite hostname="LAPTOP-HIBR7078" name="Tests.validateAlert" tests="3" failures="0" timestamp="27 Jul 2020 07:35:35 GMT" time="1.779" errors="0">
  <testcase name="AlertOKTab" time="0.908" classname="Tests.validateAlert"/>
  <testcase name="AlertTextbox" time="0.403" classname="Tests.validateAlert"/>
  <testcase name="AlertOkandCancel" time="0.468" classname="Tests.validateAlert"/>
</testsuite> <!-- Tests.validateAlert -->
