<?xml version="1.0" encoding="UTF-8"?>
<!-- Generated by org.testng.reporters.JUnitReportReporter -->
<testsuite hostname="LAPTOP-HIBR7078" name="Tests.validateGilleteRegister" tests="2" failures="0" timestamp="28 Jul 2020 19:34:38 GMT" time="5.483" errors="0">
  <testcase name="Registertest" time="3.251" classname="Tests.validateGilleteRegister"/>
  <testcase name="Registertest" time="2.232" classname="Tests.validateGilleteRegister"/>
</testsuite> <!-- Tests.validateGilleteRegister -->
