<?xml version="1.0" encoding="UTF-8"?>
<!-- Generated by org.testng.reporters.JUnitReportReporter -->
<testsuite hostname="LAPTOP-HIBR7078" name="Report.validateReport" tests="1" failures="0" timestamp="19 Jul 2020 16:24:52 GMT" time="9.652" errors="0">
  <testcase name="basePageNavigation" time="9.652" classname="Report.validateReport"/>
</testsuite> <!-- Report.validateReport -->
