<?xml version="1.0" encoding="UTF-8"?>
<!-- Generated by org.testng.reporters.JUnitReportReporter -->
<testsuite hostname="LAPTOP-HIBR7078" name="Tests.validateRegister" tests="3" failures="0" timestamp="28 Jul 2020 19:34:38 GMT" time="4.468" errors="0">
  <testcase name="registerInitialDetails" time="1.159" classname="Tests.validateRegister"/>
  <testcase name="userDetails" time="1.802" classname="Tests.validateRegister"/>
  <testcase name="registerSecondaryDetails" time="1.507" classname="Tests.validateRegister"/>
</testsuite> <!-- Tests.validateRegister -->
