<?xml version="1.0" encoding="UTF-8"?>
<!-- Generated by org.testng.reporters.JUnitReportReporter -->
<testsuite hostname="LAPTOP-HIBR7078" name="Tests.validateWindows" tests="3" failures="0" timestamp="28 Jul 2020 19:39:53 GMT" time="11.303" errors="0">
  <testcase name="multipleWindow" time="4.706" classname="Tests.validateWindows"/>
  <testcase name="tabWindow" time="3.906" classname="Tests.validateWindows"/>
  <testcase name="seperateWindow" time="2.691" classname="Tests.validateWindows"/>
</testsuite> <!-- Tests.validateWindows -->
