<?xml version="1.0" encoding="UTF-8"?>
<!-- Generated by org.testng.reporters.JUnitReportReporter -->
<testsuite skipped="0" hostname="LAPTOP-HIBR7078" name="restAPI.Test_GET" tests="1" failures="0" timestamp="2020-07-21T16:22:01 IST" time="5.343" errors="0">
  <testcase name="test_1" time="5.343" classname="restAPI.Test_GET"/>
  <system-out/>
</testsuite> <!-- restAPI.Test_GET -->
